<?xml version="1.0" encoding="UTF-8"?>
<!-- Generated by org.testng.reporters.JUnitReportReporter -->
<testsuite hostname="Shree-PC" failures="0" tests="3" name="NewTest" time="31.817" errors="0" timestamp="2021-06-24T20:33:12 IST" skipped="0">
  <testcase classname="NewTest" name="a" time="3.251"/>
  <system-out/>
  <testcase classname="NewTest" name="b" time="13.585"/>
  <system-out/>
  <testcase classname="NewTest" name="c" time="14.981"/>
  <system-out/>
</testsuite> <!-- NewTest -->
