<?xml version="1.0" encoding="UTF-8"?>
<!-- Generated by org.testng.reporters.JUnitReportReporter -->
<testsuite hostname="Shree-PC" failures="0" tests="4" name="NewTest" time="16.735" errors="0" timestamp="2021-06-24T21:04:04 IST" skipped="1">
  <testcase classname="NewTest" name="a" time="5.827"/>
  <system-out/>
  <testcase classname="NewTest" name="b" time="8.936"/>
  <system-out/>
  <testcase classname="NewTest" name="d" time="1.972"/>
  <system-out/>
  <testcase classname="NewTest" name="c">
    <skipped/>
  </testcase> <!-- c -->
  <system-out/>
</testsuite> <!-- NewTest -->
